<?xml version="1.0" encoding="UTF-8"?>
<!-- Generated by org.testng.reporters.JUnitReportReporter -->
<testsuite hostname="Nav" failures="0" tests="1" name="testCases.TestCase001" time="5.696" errors="0" timestamp="2024-07-06T20:55:49 EDT" skipped="0">
  <testcase classname="testCases.TestCase001" name="login_with_Invalid" time="5.696"/>
</testsuite> <!-- testCases.TestCase001 -->
